[+] File ..\assets\6x7font.bmpx opened for reading.
[+] filesize 16518 
[+] filename: 6x7font.bmpx
[+] File 6x7font.bmpx opened added to archive assets.dat.
[+] File ..\assets\aids.bmpx opened for reading.
[+] filesize 518454 
[+] filename: aids.bmpx
[+] File aids.bmpx opened added to archive assets.dat.
[+] File ..\assets\Attack1.bmpx opened for reading.
[+] filesize 4150 
[+] filename: Attack1.bmpx
[+] File Attack1.bmpx opened added to archive assets.dat.
[+] File ..\assets\Attack1L.bmpx opened for reading.
[+] filesize 4150 
[+] filename: Attack1L.bmpx
[+] File Attack1L.bmpx opened added to archive assets.dat.
[+] File ..\assets\Attack2.bmpx opened for reading.
[+] filesize 4150 
[+] filename: Attack2.bmpx
[+] File Attack2.bmpx opened added to archive assets.dat.
[+] File ..\assets\Attack2L.bmpx opened for reading.
[+] filesize 4150 
[+] filename: Attack2L.bmpx
[+] File Attack2L.bmpx opened added to archive assets.dat.
[+] File ..\assets\Attack3.bmpx opened for reading.
[+] filesize 4218 
[+] filename: Attack3.bmpx
[+] File Attack3.bmpx opened added to archive assets.dat.
[+] File ..\assets\Attack3L.bmpx opened for reading.
[+] filesize 4218 
[+] filename: Attack3L.bmpx
[+] File Attack3L.bmpx opened added to archive assets.dat.
[+] File ..\assets\Attack4.bmpx opened for reading.
[+] filesize 4218 
[+] filename: Attack4.bmpx
[+] File Attack4.bmpx opened added to archive assets.dat.
[+] File ..\assets\Attack4L.bmpx opened for reading.
[+] filesize 4218 
[+] filename: Attack4L.bmpx
[+] File Attack4L.bmpx opened added to archive assets.dat.
[+] File ..\assets\badselection.wav opened for reading.
[+] filesize 31490 
[+] filename: badselection.wav
[+] File badselection.wav opened added to archive assets.dat.
[+] File ..\assets\bassloop.wav opened for reading.
[+] filesize 3019600 
[+] filename: bassloop.wav
[+] File bassloop.wav opened added to archive assets.dat.
[+] File ..\assets\blipselect.wav opened for reading.
[+] filesize 44706 
[+] filename: blipselect.wav
[+] File blipselect.wav opened added to archive assets.dat.
[+] File ..\assets\crouchleft.bmpx opened for reading.
[+] filesize 4150 
[+] filename: crouchleft.bmpx
[+] File crouchleft.bmpx opened added to archive assets.dat.
[+] File ..\assets\crouchright.bmpx opened for reading.
[+] filesize 4150 
[+] filename: crouchright.bmpx
[+] File crouchright.bmpx opened added to archive assets.dat.
[+] File ..\assets\facing_left_0.bmpx opened for reading.
[+] filesize 4150 
[+] filename: facing_left_0.bmpx
[+] File facing_left_0.bmpx opened added to archive assets.dat.
[+] File ..\assets\Hit_Hurt.wav opened for reading.
[+] filesize 18362 
[+] filename: Hit_Hurt.wav
[+] File Hit_Hurt.wav opened added to archive assets.dat.
[+] File ..\assets\hitboxF.bmpx opened for reading.
[+] filesize 154 
[+] filename: hitboxF.bmpx
[+] File hitboxF.bmpx opened added to archive assets.dat.
[+] File ..\assets\hitboxL.bmpx opened for reading.
[+] filesize 354 
[+] filename: hitboxL.bmpx
[+] File hitboxL.bmpx opened added to archive assets.dat.
[+] File ..\assets\hitboxR.bmpx opened for reading.
[+] filesize 354 
[+] filename: hitboxR.bmpx
[+] File hitboxR.bmpx opened added to archive assets.dat.
[+] File ..\assets\hitboxH.bmpx opened for reading.
[+] filesize 162 
[+] filename: hitboxH.bmpx
[+] File hitboxH.bmpx opened added to archive assets.dat.
[+] File ..\assets\jane.bmpx opened for reading.
[+] filesize 4150 
[+] filename: jane.bmpx
[+] File jane.bmpx opened added to archive assets.dat.
[+] File ..\assets\jump.wav opened for reading.
[+] filesize 12624 
[+] filename: jump.wav
[+] File jump.wav opened added to archive assets.dat.
error file cannt be found or opened 
error file cannt be found or opened 
[+] File ..\assets\left_walk1.bmpx opened for reading.
[+] filesize 4150 
[+] filename: left_walk1.bmpx
[+] File left_walk1.bmpx opened added to archive assets.dat.
[+] File ..\assets\left_walk2.bmpx opened for reading.
[+] filesize 4150 
[+] filename: left_walk2.bmpx
[+] File left_walk2.bmpx opened added to archive assets.dat.
[+] File ..\assets\loop.ogg opened for reading.
[+] filesize 377916 
[+] filename: loop.ogg
[+] File loop.ogg opened added to archive assets.dat.
[+] File ..\assets\newjump0.bmpx opened for reading.
[+] filesize 4218 
[+] filename: newjump0.bmpx
[+] File newjump0.bmpx opened added to archive assets.dat.
[+] File ..\assets\newjump0L.bmpx opened for reading.
[+] filesize 4218 
[+] filename: newjump0L.bmpx
[+] File newjump0L.bmpx opened added to archive assets.dat.
[+] File ..\assets\newjump1.bmpx opened for reading.
[+] filesize 4150 
[+] filename: newjump1.bmpx
[+] File newjump1.bmpx opened added to archive assets.dat.
[+] File ..\assets\newjump1L.bmpx opened for reading.
[+] filesize 4150 
[+] filename: newjump1L.bmpx
[+] File newjump1L.bmpx opened added to archive assets.dat.
[+] File ..\assets\newjump2.bmpx opened for reading.
[+] filesize 4150 
[+] filename: newjump2.bmpx
[+] File newjump2.bmpx opened added to archive assets.dat.
[+] File ..\assets\newjump2L.bmpx opened for reading.
[+] filesize 4150 
[+] filename: newjump2L.bmpx
[+] File newjump2L.bmpx opened added to archive assets.dat.
[+] File ..\assets\right_walk1.bmpx opened for reading.
[+] filesize 4150 
[+] filename: right_walk1.bmpx
[+] File right_walk1.bmpx opened added to archive assets.dat.
[+] File ..\assets\right_walk2.bmpx opened for reading.
[+] filesize 4150 
[+] filename: right_walk2.bmpx
[+] File right_walk2.bmpx opened added to archive assets.dat.
[+] File ..\assets\sword_extension_rightside.bmpx opened for reading.
[+] filesize 1146 
[+] filename: sword_extension_rightside.bmpx
[+] File sword_extension_rightside.bmpx opened added to archive assets.dat.
[+] File ..\assets\sword_extension_rightside_2.bmpx opened for reading.
[+] filesize 1146 
[+] filename: sword_extension_rightside_2.bmpx
[+] File sword_extension_rightside_2.bmpx opened added to archive assets.dat.
[+] File ..\assets\sword_extension_leftside.bmpx opened for reading.
[+] filesize 1146 
[+] filename: sword_extension_leftside.bmpx
[+] File sword_extension_leftside.bmpx opened added to archive assets.dat.
[+] File ..\assets\sword_extension_leftside_2.bmpx opened for reading.
[+] filesize 1146 
[+] filename: sword_extension_leftside_2.bmpx
[+] File sword_extension_leftside_2.bmpx opened added to archive assets.dat.
[+] File ..\assets\select.wav opened for reading.
[+] filesize 16220 
[+] filename: select.wav
[+] File select.wav opened added to archive assets.dat.
[+] File ..\assets\skel1.bmpx opened for reading.
[+] filesize 4150 
[+] filename: skel1.bmpx
[+] File skel1.bmpx opened added to archive assets.dat.
[+] File ..\assets\skel2.bmpx opened for reading.
[+] filesize 4150 
[+] filename: skel2.bmpx
[+] File skel2.bmpx opened added to archive assets.dat.
[+] File ..\assets\skel3.bmpx opened for reading.
[+] filesize 4150 
[+] filename: skel3.bmpx
[+] File skel3.bmpx opened added to archive assets.dat.
[+] File ..\assets\skel4.bmpx opened for reading.
[+] filesize 4218 
[+] filename: skel4.bmpx
[+] File skel4.bmpx opened added to archive assets.dat.
[+] File ..\assets\skel5.bmpx opened for reading.
[+] filesize 4218 
[+] filename: skel5.bmpx
[+] File skel5.bmpx opened added to archive assets.dat.
[+] File ..\assets\skel6.bmpx opened for reading.
[+] filesize 4218 
[+] filename: skel6.bmpx
[+] File skel6.bmpx opened added to archive assets.dat.
[+] File ..\assets\splash.wav opened for reading.
[+] filesize 35224 
[+] filename: splash.wav
[+] File splash.wav opened added to archive assets.dat.
[+] File ..\assets\titlescreenbackground.bmpx opened for reading.
[+] filesize 491574 
[+] filename: titlescreenbackground.bmpx
[+] File titlescreenbackground.bmpx opened added to archive assets.dat.
[+] File ..\assets\maps\lvl1.bmpx opened for reading.
[+] filesize 2457654 
[+] filename: lvl1.bmpx
[+] File lvl1.bmpx opened added to archive assets.dat.
[+] File ..\assets\maps\lvl1.tmx opened for reading.
[+] filesize 19667 
[+] filename: lvl1.tmx
[+] File lvl1.tmx opened added to archive assets.dat.
[+] File ..\assets\maps\lvl2.tmx opened for reading.
[+] filesize 6231 
[+] filename: lvl2.tmx
[+] File lvl2.tmx opened added to archive assets.dat.
[+] File ..\assets\maps\lvl2.bmpx opened for reading.
[+] filesize 737402 
[+] filename: lvl2.bmpx
[+] File lvl2.bmpx opened added to archive assets.dat.
