
[04/02/2023 19:00:41.936][INFO][loadregistryparams] loglevel is 4
[04/02/2023 19:00:41.937][INFO][loadregistryparams] failed to read sfxvolume reg value error code : 0x00000000!
[04/02/2023 19:00:41.937][INFO][loadregistryparams] sfxvolume is 0.0
[04/02/2023 19:00:41.938][INFO][loadregistryparams] failed to read musicvolume reg value error code : 0x00000000!
[04/02/2023 19:00:41.938][INFO][loadregistryparams] musicvolume is 0.0
[04/02/2023 19:00:41.969][INFO][load32bppbitmapfrommemory] loading successful
[04/02/2023 19:00:41.970][INFO][loadwavfrommemory] successfully loaded from memory .
[04/02/2023 19:00:41.978][INFO][load32bppbitmapfrommemory] loading successful
[04/02/2023 19:00:41.980][INFO][load32bppbitmapfrommemory] loading successful
[04/02/2023 19:00:41.981][INFO][load32bppbitmapfrommemory] loading successful
[04/02/2023 19:00:41.982][INFO][load32bppbitmapfrommemory] loading successful
[04/02/2023 19:00:41.994][INFO][load32bppbitmapfrommemory] loading successful
[04/02/2023 19:00:41.998][INFO][loadwavfrommemory] successfully loaded from memory .
[04/02/2023 19:00:42.000][INFO][loadwavfrommemory] successfully loaded from memory .
[04/02/2023 19:00:42.001][INFO][loadwavfrommemory] successfully loaded from memory .
[04/02/2023 19:00:42.205][INFO][loadtilemapfrommemory] tilemap dimensions: 135x65
[04/02/2023 19:00:42.206][INFO][load32bppbitmapfrommemory] loading successful
[04/02/2023 19:00:42.206][INFO][load32bppbitmapfrommemory] loading successful
[04/02/2023 19:00:42.207][INFO][load32bppbitmapfrommemory] loading successful
[04/02/2023 19:00:42.207][INFO][load32bppbitmapfrommemory] loading successful
[04/02/2023 19:00:42.207][INFO][load32bppbitmapfrommemory] loading successful
[04/02/2023 19:00:42.208][INFO][load32bppbitmapfrommemory] loading successful
[04/02/2023 19:00:42.208][INFO][load32bppbitmapfrommemory] loading successful
[04/02/2023 19:00:42.209][INFO][load32bppbitmapfrommemory] loading successful
[04/02/2023 19:00:42.209][INFO][load32bppbitmapfrommemory] loading successful
[04/02/2023 19:00:42.210][INFO][load32bppbitmapfrommemory] loading successful
[04/02/2023 19:00:42.210][INFO][load32bppbitmapfrommemory] loading successful
[04/02/2023 19:00:42.211][INFO][load32bppbitmapfrommemory] loading successful
[04/02/2023 19:00:42.211][INFO][load32bppbitmapfrommemory] loading successful
[04/02/2023 19:00:42.213][INFO][load32bppbitmapfrommemory] loading successful
[04/02/2023 19:00:42.215][INFO][load32bppbitmapfrommemory] loading successful
[04/02/2023 19:00:42.216][INFO][load32bppbitmapfrommemory] loading successful
[04/02/2023 19:00:42.218][INFO][load32bppbitmapfrommemory] loading successful
[04/02/2023 19:00:42.218][INFO][load32bppbitmapfrommemory] loading successful
[04/02/2023 19:00:42.218][INFO][load32bppbitmapfrommemory] loading successful
[04/02/2023 19:00:42.219][INFO][load32bppbitmapfrommemory] loading successful
[04/02/2023 19:00:42.219][INFO][load32bppbitmapfrommemory] loading successful
[04/02/2023 19:02:23.521][INFO][loadregistryparams] loglevel is 4
[04/02/2023 19:02:23.523][INFO][loadregistryparams] failed to read sfxvolume reg value error code : 0x00000000!
[04/02/2023 19:02:23.523][INFO][loadregistryparams] sfxvolume is 0.0
[04/02/2023 19:02:23.523][INFO][loadregistryparams] failed to read musicvolume reg value error code : 0x00000000!
[04/02/2023 19:02:23.524][INFO][loadregistryparams] musicvolume is 0.0
[04/02/2023 19:02:23.542][INFO][load32bppbitmapfrommemory] loading successful
[04/02/2023 19:02:23.544][INFO][loadwavfrommemory] successfully loaded from memory .
[04/02/2023 19:02:23.553][INFO][load32bppbitmapfrommemory] loading successful
[04/02/2023 19:02:23.554][INFO][load32bppbitmapfrommemory] loading successful
[04/02/2023 19:02:23.554][INFO][load32bppbitmapfrommemory] loading successful
[04/02/2023 19:02:23.555][INFO][load32bppbitmapfrommemory] loading successful
[04/02/2023 19:02:23.568][INFO][load32bppbitmapfrommemory] loading successful
[04/02/2023 19:02:23.569][INFO][loadwavfrommemory] successfully loaded from memory .
[04/02/2023 19:02:23.570][INFO][loadwavfrommemory] successfully loaded from memory .
[04/02/2023 19:02:23.572][INFO][loadwavfrommemory] successfully loaded from memory .
[04/02/2023 19:02:23.752][INFO][loadtilemapfrommemory] tilemap dimensions: 135x65
[04/02/2023 19:02:23.753][INFO][load32bppbitmapfrommemory] loading successful
[04/02/2023 19:02:23.753][INFO][load32bppbitmapfrommemory] loading successful
[04/02/2023 19:02:23.754][INFO][load32bppbitmapfrommemory] loading successful
[04/02/2023 19:02:23.754][INFO][load32bppbitmapfrommemory] loading successful
[04/02/2023 19:02:23.754][INFO][load32bppbitmapfrommemory] loading successful
[04/02/2023 19:02:23.754][INFO][load32bppbitmapfrommemory] loading successful
[04/02/2023 19:02:23.755][INFO][load32bppbitmapfrommemory] loading successful
[04/02/2023 19:02:23.755][INFO][load32bppbitmapfrommemory] loading successful
[04/02/2023 19:02:23.755][INFO][load32bppbitmapfrommemory] loading successful
[04/02/2023 19:02:23.756][INFO][load32bppbitmapfrommemory] loading successful
[04/02/2023 19:02:23.756][INFO][load32bppbitmapfrommemory] loading successful
[04/02/2023 19:02:23.756][INFO][load32bppbitmapfrommemory] loading successful
[04/02/2023 19:02:23.757][INFO][load32bppbitmapfrommemory] loading successful
[04/02/2023 19:02:23.757][INFO][load32bppbitmapfrommemory] loading successful
[04/02/2023 19:02:23.757][INFO][load32bppbitmapfrommemory] loading successful
[04/02/2023 19:02:23.758][INFO][load32bppbitmapfrommemory] loading successful
[04/02/2023 19:02:23.758][INFO][load32bppbitmapfrommemory] loading successful
[04/02/2023 19:02:23.758][INFO][load32bppbitmapfrommemory] loading successful
[04/02/2023 19:02:23.759][INFO][load32bppbitmapfrommemory] loading successful
[04/02/2023 19:02:23.759][INFO][load32bppbitmapfrommemory] loading successful
[04/02/2023 19:02:23.760][INFO][load32bppbitmapfrommemory] loading successful
[04/02/2023 19:05:03.020][INFO][loadregistryparams] loglevel is 4
[04/02/2023 19:05:03.020][INFO][loadregistryparams] failed to read sfxvolume reg value error code : 0x00000000!
[04/02/2023 19:05:03.021][INFO][loadregistryparams] sfxvolume is 0.0
[04/02/2023 19:05:03.021][INFO][loadregistryparams] failed to read musicvolume reg value error code : 0x00000000!
[04/02/2023 19:05:03.021][INFO][loadregistryparams] musicvolume is 0.0
[04/02/2023 19:05:03.039][INFO][load32bppbitmapfrommemory] loading successful
[04/02/2023 19:05:03.040][INFO][loadwavfrommemory] successfully loaded from memory .
[04/02/2023 19:05:03.048][INFO][load32bppbitmapfrommemory] loading successful
[04/02/2023 19:05:03.050][INFO][load32bppbitmapfrommemory] loading successful
[04/02/2023 19:05:03.052][INFO][load32bppbitmapfrommemory] loading successful
[04/02/2023 19:05:03.053][INFO][load32bppbitmapfrommemory] loading successful
[04/02/2023 19:05:03.067][INFO][load32bppbitmapfrommemory] loading successful
[04/02/2023 19:05:03.069][INFO][loadwavfrommemory] successfully loaded from memory .
[04/02/2023 19:05:03.071][INFO][loadwavfrommemory] successfully loaded from memory .
[04/02/2023 19:05:03.072][INFO][loadwavfrommemory] successfully loaded from memory .
[04/02/2023 19:05:03.247][INFO][loadtilemapfrommemory] tilemap dimensions: 135x65
[04/02/2023 19:05:03.250][INFO][load32bppbitmapfrommemory] loading successful
[04/02/2023 19:05:03.252][INFO][load32bppbitmapfrommemory] loading successful
[04/02/2023 19:05:03.254][INFO][load32bppbitmapfrommemory] loading successful
[04/02/2023 19:05:03.254][INFO][load32bppbitmapfrommemory] loading successful
[04/02/2023 19:05:03.255][INFO][load32bppbitmapfrommemory] loading successful
[04/02/2023 19:05:03.255][INFO][load32bppbitmapfrommemory] loading successful
[04/02/2023 19:05:03.255][INFO][load32bppbitmapfrommemory] loading successful
[04/02/2023 19:05:03.256][INFO][load32bppbitmapfrommemory] loading successful
[04/02/2023 19:05:03.256][INFO][load32bppbitmapfrommemory] loading successful
[04/02/2023 19:05:03.256][INFO][load32bppbitmapfrommemory] loading successful
[04/02/2023 19:05:03.257][INFO][load32bppbitmapfrommemory] loading successful
[04/02/2023 19:05:03.257][INFO][load32bppbitmapfrommemory] loading successful
[04/02/2023 19:05:03.257][INFO][load32bppbitmapfrommemory] loading successful
[04/02/2023 19:05:03.258][INFO][load32bppbitmapfrommemory] loading successful
[04/02/2023 19:05:03.258][INFO][load32bppbitmapfrommemory] loading successful
[04/02/2023 19:05:03.258][INFO][load32bppbitmapfrommemory] loading successful
[04/02/2023 19:05:03.259][INFO][load32bppbitmapfrommemory] loading successful
[04/02/2023 19:05:03.259][INFO][load32bppbitmapfrommemory] loading successful
[04/02/2023 19:05:03.259][INFO][load32bppbitmapfrommemory] loading successful
[04/02/2023 19:05:03.260][INFO][load32bppbitmapfrommemory] loading successful
[04/02/2023 19:05:03.260][INFO][load32bppbitmapfrommemory] loading successful
[16/02/2024 16:22:28.398][INFO][loadregistryparams] loglevel is 4
[16/02/2024 16:22:28.398][INFO][loadregistryparams] failed to read sfxvolume reg value error code : 0x00000000!
[16/02/2024 16:22:28.399][INFO][loadregistryparams] sfxvolume is 0.5
[16/02/2024 16:22:28.399][INFO][loadregistryparams] failed to read musicvolume reg value error code : 0x00000000!
[16/02/2024 16:22:28.399][INFO][loadregistryparams] musicvolume is 0.3
[16/02/2024 16:22:28.426][INFO][load32bppbitmapfrommemory] loading successful
[16/02/2024 16:22:28.427][INFO][loadwavfrommemory] successfully loaded from memory .
[16/02/2024 16:22:28.434][INFO][load32bppbitmapfrommemory] loading successful
[16/02/2024 16:22:28.435][INFO][load32bppbitmapfrommemory] loading successful
[16/02/2024 16:22:28.436][INFO][load32bppbitmapfrommemory] loading successful
[16/02/2024 16:22:28.437][INFO][load32bppbitmapfrommemory] loading successful
[16/02/2024 16:22:28.437][ERROR][loadassetfromarchive] file: skel4.bmpx not found in archive
[16/02/2024 16:22:28.438][ERROR][assetloadingthreadproc] loading titlescreenbackground.bmpx failed
[16/02/2024 17:35:53.089][INFO][loadregistryparams] loglevel is 4
[16/02/2024 17:35:53.090][INFO][loadregistryparams] failed to read sfxvolume reg value error code : 0x00000000!
[16/02/2024 17:35:53.090][INFO][loadregistryparams] sfxvolume is 0.5
[16/02/2024 17:35:53.090][INFO][loadregistryparams] failed to read musicvolume reg value error code : 0x00000000!
[16/02/2024 17:35:53.090][INFO][loadregistryparams] musicvolume is 0.3
[16/02/2024 17:35:53.115][ERROR][loadassetfromarchive] mz_zip_reader_init_file failed with 0x00000011 on assets.dat
[16/02/2024 17:37:08.975][INFO][loadregistryparams] loglevel is 4
[16/02/2024 17:37:08.975][INFO][loadregistryparams] failed to read sfxvolume reg value error code : 0x00000000!
[16/02/2024 17:37:08.975][INFO][loadregistryparams] sfxvolume is 0.5
[16/02/2024 17:37:08.976][INFO][loadregistryparams] failed to read musicvolume reg value error code : 0x00000000!
[16/02/2024 17:37:08.976][INFO][loadregistryparams] musicvolume is 0.3
[16/02/2024 17:37:08.995][ERROR][loadassetfromarchive] mz_zip_reader_init_file failed with 0x00000011 on assets.dat
[16/02/2024 17:37:33.853][INFO][loadregistryparams] loglevel is 4
[16/02/2024 17:37:33.853][INFO][loadregistryparams] failed to read sfxvolume reg value error code : 0x00000000!
[16/02/2024 17:37:33.854][INFO][loadregistryparams] sfxvolume is 0.5
[16/02/2024 17:37:33.854][INFO][loadregistryparams] failed to read musicvolume reg value error code : 0x00000000!
[16/02/2024 17:37:33.854][INFO][loadregistryparams] musicvolume is 0.3
[16/02/2024 17:37:33.873][ERROR][loadassetfromarchive] mz_zip_reader_init_file failed with 0x00000011 on assets.dat
[16/02/2024 17:41:14.254][INFO][loadregistryparams] loglevel is 4
[16/02/2024 17:41:14.254][INFO][loadregistryparams] failed to read sfxvolume reg value error code : 0x00000000!
[16/02/2024 17:41:14.255][INFO][loadregistryparams] sfxvolume is 0.5
[16/02/2024 17:41:14.255][INFO][loadregistryparams] failed to read musicvolume reg value error code : 0x00000000!
[16/02/2024 17:41:14.255][INFO][loadregistryparams] musicvolume is 0.3
[16/02/2024 17:41:14.282][INFO][load32bppbitmapfrommemory] loading successful
[16/02/2024 17:41:14.283][INFO][loadwavfrommemory] successfully loaded from memory .
[16/02/2024 17:41:14.292][INFO][load32bppbitmapfrommemory] loading successful
[16/02/2024 17:41:14.292][INFO][load32bppbitmapfrommemory] loading successful
[16/02/2024 17:41:14.293][INFO][load32bppbitmapfrommemory] loading successful
[16/02/2024 17:41:14.294][INFO][load32bppbitmapfrommemory] loading successful
[16/02/2024 17:41:14.294][INFO][load32bppbitmapfrommemory] loading successful
[16/02/2024 17:41:14.295][INFO][load32bppbitmapfrommemory] loading successful
[16/02/2024 17:41:14.295][INFO][load32bppbitmapfrommemory] loading successful
[16/02/2024 17:41:14.314][INFO][load32bppbitmapfrommemory] loading successful
[16/02/2024 17:41:14.319][INFO][load32bppbitmapfrommemory] loading successful
[16/02/2024 17:41:14.320][INFO][loadwavfrommemory] successfully loaded from memory .
[16/02/2024 17:41:14.321][INFO][loadwavfrommemory] successfully loaded from memory .
[16/02/2024 17:41:14.322][INFO][loadwavfrommemory] successfully loaded from memory .
[16/02/2024 17:41:14.455][INFO][loadtilemapfrommemory] tilemap dimensions: 300x32
[16/02/2024 17:41:14.456][INFO][loadtilemapfrommemory] tilemap dimensions: 90x32
[16/02/2024 17:41:14.457][INFO][load32bppbitmapfrommemory] loading successful
[16/02/2024 17:41:14.457][INFO][load32bppbitmapfrommemory] loading successful
[16/02/2024 17:41:14.458][INFO][load32bppbitmapfrommemory] loading successful
[16/02/2024 17:41:14.458][INFO][load32bppbitmapfrommemory] loading successful
[16/02/2024 17:41:14.459][INFO][load32bppbitmapfrommemory] loading successful
[16/02/2024 17:41:14.459][INFO][load32bppbitmapfrommemory] loading successful
[16/02/2024 17:41:14.460][INFO][load32bppbitmapfrommemory] loading successful
[16/02/2024 17:41:14.460][INFO][load32bppbitmapfrommemory] loading successful
[16/02/2024 17:41:14.461][INFO][load32bppbitmapfrommemory] loading successful
[16/02/2024 17:41:14.461][INFO][load32bppbitmapfrommemory] loading successful
[16/02/2024 17:41:14.462][INFO][load32bppbitmapfrommemory] loading successful
[16/02/2024 17:41:14.463][INFO][load32bppbitmapfrommemory] loading successful
[16/02/2024 17:41:14.463][INFO][load32bppbitmapfrommemory] loading successful
[16/02/2024 17:41:14.464][INFO][load32bppbitmapfrommemory] loading successful
[16/02/2024 17:41:14.464][INFO][load32bppbitmapfrommemory] loading successful
[16/02/2024 17:41:14.465][INFO][load32bppbitmapfrommemory] loading successful
[16/02/2024 17:41:14.465][INFO][load32bppbitmapfrommemory] loading successful
[16/02/2024 17:41:14.465][INFO][load32bppbitmapfrommemory] loading successful
[16/02/2024 17:41:14.466][INFO][load32bppbitmapfrommemory] loading successful
[16/02/2024 17:41:14.466][INFO][load32bppbitmapfrommemory] loading successful
[16/02/2024 17:41:14.467][INFO][load32bppbitmapfrommemory] loading successful
[16/02/2024 17:41:14.467][INFO][load32bppbitmapfrommemory] loading successful
[16/02/2024 17:41:14.468][INFO][load32bppbitmapfrommemory] loading successful
[16/02/2024 17:41:14.468][INFO][load32bppbitmapfrommemory] loading successful
[16/02/2024 17:41:14.469][INFO][load32bppbitmapfrommemory] loading successful
[16/02/2024 17:41:14.469][INFO][load32bppbitmapfrommemory] loading successful
[16/02/2024 17:41:14.470][INFO][load32bppbitmapfrommemory] loading successful
[16/02/2024 17:41:14.470][INFO][load32bppbitmapfrommemory] loading successful