c:\users\maxpa\source\repos\game\game\release\vc143.pdb
c:\users\maxpa\source\repos\game\game\release\titlescreen.nativecodeanalysis.sarif
c:\users\maxpa\source\repos\game\game\release\titlescreen.nativecodeanalysis.xml
c:\users\maxpa\source\repos\game\game\release\stb_vorbis.nativecodeanalysis.sarif
c:\users\maxpa\source\repos\game\game\release\stb_vorbis.nativecodeanalysis.xml
c:\users\maxpa\source\repos\game\game\release\overwritesavedatayesnoscreen.nativecodeanalysis.sarif
c:\users\maxpa\source\repos\game\game\release\overwritesavedatayesnoscreen.nativecodeanalysis.xml
c:\users\maxpa\source\repos\game\game\release\overworld.nativecodeanalysis.sarif
c:\users\maxpa\source\repos\game\game\release\overworld.nativecodeanalysis.xml
c:\users\maxpa\source\repos\game\game\release\options.nativecodeanalysis.sarif
c:\users\maxpa\source\repos\game\game\release\options.nativecodeanalysis.xml
c:\users\maxpa\source\repos\game\game\release\openingsplashscreen.nativecodeanalysis.sarif
c:\users\maxpa\source\repos\game\game\release\openingsplashscreen.nativecodeanalysis.xml
c:\users\maxpa\source\repos\game\game\release\miniz.nativecodeanalysis.sarif
c:\users\maxpa\source\repos\game\game\release\miniz.nativecodeanalysis.xml
c:\users\maxpa\source\repos\game\game\release\main.nativecodeanalysis.sarif
c:\users\maxpa\source\repos\game\game\release\main.nativecodeanalysis.xml
c:\users\maxpa\source\repos\game\game\release\lvl1.nativecodeanalysis.sarif
c:\users\maxpa\source\repos\game\game\release\lvl1.nativecodeanalysis.xml
c:\users\maxpa\source\repos\game\game\release\exityesnoscreen.nativecodeanalysis.sarif
c:\users\maxpa\source\repos\game\game\release\exityesnoscreen.nativecodeanalysis.xml
c:\users\maxpa\source\repos\game\game\release\collision.nativecodeanalysis.sarif
c:\users\maxpa\source\repos\game\game\release\collision.nativecodeanalysis.xml
c:\users\maxpa\source\repos\game\game\release\collision.obj
c:\users\maxpa\source\repos\game\game\release\exityesnoscreen.obj
c:\users\maxpa\source\repos\game\game\release\lvl1.obj
c:\users\maxpa\source\repos\game\game\release\main.obj
c:\users\maxpa\source\repos\game\game\release\miniz.obj
c:\users\maxpa\source\repos\game\game\release\openingsplashscreen.obj
c:\users\maxpa\source\repos\game\game\release\options.obj
c:\users\maxpa\source\repos\game\game\release\overworld.obj
c:\users\maxpa\source\repos\game\game\release\overwritesavedatayesnoscreen.obj
c:\users\maxpa\source\repos\game\game\release\stb_vorbis.obj
c:\users\maxpa\source\repos\game\game\release\titlescreen.obj
c:\users\maxpa\source\repos\game\release\game.exe
c:\users\maxpa\source\repos\game\game\release\game.ipdb
c:\users\maxpa\source\repos\game\release\game.pdb
c:\users\maxpa\source\repos\game\game\release\game.iobj
c:\users\maxpa\source\repos\game\game\release\vc.nativecodeanalysis.all.xml
c:\users\maxpa\source\repos\game\game\release\game.tlog\cl.command.1.tlog
c:\users\maxpa\source\repos\game\game\release\game.tlog\cl.read.1.tlog
c:\users\maxpa\source\repos\game\game\release\game.tlog\cl.write.1.tlog
c:\users\maxpa\source\repos\game\game\release\game.tlog\link.command.1.tlog
c:\users\maxpa\source\repos\game\game\release\game.tlog\link.read.1.tlog
c:\users\maxpa\source\repos\game\game\release\game.tlog\link.write.1.tlog
