c:\users\maxpa\source\repos\game\game\x64\debug\vc143.pdb
c:\users\maxpa\source\repos\game\game\x64\debug\vc143.idb
c:\users\maxpa\source\repos\game\game\x64\debug\titlescreen.nativecodeanalysis.sarif
c:\users\maxpa\source\repos\game\game\x64\debug\titlescreen.nativecodeanalysis.xml
c:\users\maxpa\source\repos\game\game\x64\debug\stb_vorbis.nativecodeanalysis.sarif
c:\users\maxpa\source\repos\game\game\x64\debug\stb_vorbis.nativecodeanalysis.xml
c:\users\maxpa\source\repos\game\game\x64\debug\overwritesavedatayesnoscreen.nativecodeanalysis.sarif
c:\users\maxpa\source\repos\game\game\x64\debug\overwritesavedatayesnoscreen.nativecodeanalysis.xml
c:\users\maxpa\source\repos\game\game\x64\debug\overworld.nativecodeanalysis.sarif
c:\users\maxpa\source\repos\game\game\x64\debug\overworld.nativecodeanalysis.xml
c:\users\maxpa\source\repos\game\game\x64\debug\options.nativecodeanalysis.sarif
c:\users\maxpa\source\repos\game\game\x64\debug\options.nativecodeanalysis.xml
c:\users\maxpa\source\repos\game\game\x64\debug\openingsplashscreen.nativecodeanalysis.sarif
c:\users\maxpa\source\repos\game\game\x64\debug\openingsplashscreen.nativecodeanalysis.xml
c:\users\maxpa\source\repos\game\game\x64\debug\miniz.nativecodeanalysis.sarif
c:\users\maxpa\source\repos\game\game\x64\debug\miniz.nativecodeanalysis.xml
c:\users\maxpa\source\repos\game\game\x64\debug\main.nativecodeanalysis.sarif
c:\users\maxpa\source\repos\game\game\x64\debug\main.nativecodeanalysis.xml
c:\users\maxpa\source\repos\game\game\x64\debug\lvl1.nativecodeanalysis.sarif
c:\users\maxpa\source\repos\game\game\x64\debug\lvl1.nativecodeanalysis.xml
c:\users\maxpa\source\repos\game\game\x64\debug\exityesnoscreen.nativecodeanalysis.sarif
c:\users\maxpa\source\repos\game\game\x64\debug\exityesnoscreen.nativecodeanalysis.xml
c:\users\maxpa\source\repos\game\game\x64\debug\collision.nativecodeanalysis.sarif
c:\users\maxpa\source\repos\game\game\x64\debug\collision.nativecodeanalysis.xml
c:\users\maxpa\source\repos\game\game\x64\debug\collision.obj
c:\users\maxpa\source\repos\game\game\x64\debug\exityesnoscreen.obj
c:\users\maxpa\source\repos\game\game\x64\debug\lvl1.obj
c:\users\maxpa\source\repos\game\game\x64\debug\main.obj
c:\users\maxpa\source\repos\game\game\x64\debug\miniz.obj
c:\users\maxpa\source\repos\game\game\x64\debug\openingsplashscreen.obj
c:\users\maxpa\source\repos\game\game\x64\debug\options.obj
c:\users\maxpa\source\repos\game\game\x64\debug\overworld.obj
c:\users\maxpa\source\repos\game\game\x64\debug\overwritesavedatayesnoscreen.obj
c:\users\maxpa\source\repos\game\game\x64\debug\stb_vorbis.obj
c:\users\maxpa\source\repos\game\game\x64\debug\titlescreen.obj
c:\users\maxpa\source\repos\game\game\x64\debug\game.ilk
c:\users\maxpa\source\repos\game\x64\debug\game.exe
c:\users\maxpa\source\repos\game\x64\debug\game.pdb
c:\users\maxpa\source\repos\game\game\x64\debug\vc.nativecodeanalysis.all.xml
c:\users\maxpa\source\repos\game\game\x64\debug\game.tlog\cl.command.1.tlog
c:\users\maxpa\source\repos\game\game\x64\debug\game.tlog\cl.read.1.tlog
c:\users\maxpa\source\repos\game\game\x64\debug\game.tlog\cl.write.1.tlog
c:\users\maxpa\source\repos\game\game\x64\debug\game.tlog\link.command.1.tlog
c:\users\maxpa\source\repos\game\game\x64\debug\game.tlog\link.read.1.tlog
c:\users\maxpa\source\repos\game\game\x64\debug\game.tlog\link.write.1.tlog
