
[16/02/2024 16:21:40.170][INFO][loadregistryparams] loglevel is 4
[16/02/2024 16:21:40.170][INFO][loadregistryparams] failed to read sfxvolume reg value error code : 0x00000000!
[16/02/2024 16:21:40.171][INFO][loadregistryparams] sfxvolume is 0.5
[16/02/2024 16:21:40.171][INFO][loadregistryparams] failed to read musicvolume reg value error code : 0x00000000!
[16/02/2024 16:21:40.172][INFO][loadregistryparams] musicvolume is 0.3
[16/02/2024 16:21:40.193][INFO][load32bppbitmapfrommemory] loading successful
[16/02/2024 16:21:40.194][INFO][loadwavfrommemory] successfully loaded from memory .
[16/02/2024 16:21:40.197][INFO][load32bppbitmapfrommemory] loading successful
[16/02/2024 16:21:40.198][INFO][load32bppbitmapfrommemory] loading successful
[16/02/2024 16:21:40.199][INFO][load32bppbitmapfrommemory] loading successful
[16/02/2024 16:21:40.199][INFO][load32bppbitmapfrommemory] loading successful
[16/02/2024 16:21:40.200][ERROR][loadassetfromarchive] file: skel4.bmpx not found in archive
[16/02/2024 16:21:40.200][ERROR][assetloadingthreadproc] loading titlescreenbackground.bmpx failed
[16/02/2024 16:25:31.572][INFO][loadregistryparams] loglevel is 4
[16/02/2024 16:25:31.572][INFO][loadregistryparams] failed to read sfxvolume reg value error code : 0x00000000!
[16/02/2024 16:25:31.573][INFO][loadregistryparams] sfxvolume is 0.5
[16/02/2024 16:25:31.573][INFO][loadregistryparams] failed to read musicvolume reg value error code : 0x00000000!
[16/02/2024 16:25:31.573][INFO][loadregistryparams] musicvolume is 0.3
[16/02/2024 16:25:31.593][INFO][load32bppbitmapfrommemory] loading successful
[16/02/2024 16:25:31.595][INFO][loadwavfrommemory] successfully loaded from memory .
[16/02/2024 16:25:31.598][INFO][load32bppbitmapfrommemory] loading successful
[16/02/2024 16:25:31.599][INFO][load32bppbitmapfrommemory] loading successful
[16/02/2024 16:25:31.600][INFO][load32bppbitmapfrommemory] loading successful
[16/02/2024 16:25:31.600][INFO][load32bppbitmapfrommemory] loading successful
[16/02/2024 16:25:31.601][ERROR][loadassetfromarchive] file: skel4.bmpx not found in archive
[16/02/2024 16:25:31.601][ERROR][assetloadingthreadproc] loading titlescreenbackground.bmpx failed
[16/02/2024 16:25:59.734][INFO][loadregistryparams] loglevel is 4
[16/02/2024 16:25:59.734][INFO][loadregistryparams] failed to read sfxvolume reg value error code : 0x00000000!
[16/02/2024 16:25:59.734][INFO][loadregistryparams] sfxvolume is 0.5
[16/02/2024 16:25:59.735][INFO][loadregistryparams] failed to read musicvolume reg value error code : 0x00000000!
[16/02/2024 16:25:59.735][INFO][loadregistryparams] musicvolume is 0.3
[16/02/2024 16:25:59.760][INFO][load32bppbitmapfrommemory] loading successful
[16/02/2024 16:25:59.761][INFO][loadwavfrommemory] successfully loaded from memory .
[16/02/2024 16:25:59.765][INFO][load32bppbitmapfrommemory] loading successful
[16/02/2024 16:25:59.765][INFO][load32bppbitmapfrommemory] loading successful
[16/02/2024 16:25:59.766][INFO][load32bppbitmapfrommemory] loading successful
[16/02/2024 16:25:59.766][INFO][load32bppbitmapfrommemory] loading successful
[16/02/2024 16:25:59.767][INFO][load32bppbitmapfrommemory] loading successful
[16/02/2024 16:25:59.768][INFO][load32bppbitmapfrommemory] loading successful
[16/02/2024 16:25:59.768][INFO][load32bppbitmapfrommemory] loading successful
[16/02/2024 16:25:59.778][INFO][load32bppbitmapfrommemory] loading successful
[16/02/2024 16:25:59.780][INFO][load32bppbitmapfrommemory] loading successful
[16/02/2024 16:25:59.781][INFO][loadwavfrommemory] successfully loaded from memory .
[16/02/2024 16:25:59.782][INFO][loadwavfrommemory] successfully loaded from memory .
[16/02/2024 16:25:59.783][INFO][loadwavfrommemory] successfully loaded from memory .
[16/02/2024 16:25:59.833][INFO][loadtilemapfrommemory] tilemap dimensions: 300x32
[16/02/2024 16:25:59.833][INFO][loadtilemapfrommemory] tilemap dimensions: 90x32
[16/02/2024 16:25:59.834][INFO][load32bppbitmapfrommemory] loading successful
[16/02/2024 16:25:59.834][INFO][load32bppbitmapfrommemory] loading successful
[16/02/2024 16:25:59.835][INFO][load32bppbitmapfrommemory] loading successful
[16/02/2024 16:25:59.835][INFO][load32bppbitmapfrommemory] loading successful
[16/02/2024 16:25:59.836][INFO][load32bppbitmapfrommemory] loading successful
[16/02/2024 16:25:59.836][INFO][load32bppbitmapfrommemory] loading successful
[16/02/2024 16:25:59.836][INFO][load32bppbitmapfrommemory] loading successful
[16/02/2024 16:25:59.837][INFO][load32bppbitmapfrommemory] loading successful
[16/02/2024 16:25:59.837][INFO][load32bppbitmapfrommemory] loading successful
[16/02/2024 16:25:59.838][INFO][load32bppbitmapfrommemory] loading successful
[16/02/2024 16:25:59.838][INFO][load32bppbitmapfrommemory] loading successful
[16/02/2024 16:25:59.838][INFO][load32bppbitmapfrommemory] loading successful
[16/02/2024 16:25:59.839][INFO][load32bppbitmapfrommemory] loading successful
[16/02/2024 16:25:59.839][INFO][load32bppbitmapfrommemory] loading successful
[16/02/2024 16:25:59.840][INFO][load32bppbitmapfrommemory] loading successful
[16/02/2024 16:25:59.840][INFO][load32bppbitmapfrommemory] loading successful
[16/02/2024 16:25:59.840][INFO][load32bppbitmapfrommemory] loading successful
[16/02/2024 16:25:59.841][INFO][load32bppbitmapfrommemory] loading successful
[16/02/2024 16:25:59.841][INFO][load32bppbitmapfrommemory] loading successful
[16/02/2024 16:25:59.842][INFO][load32bppbitmapfrommemory] loading successful
[16/02/2024 16:25:59.842][INFO][load32bppbitmapfrommemory] loading successful
[16/02/2024 16:25:59.842][INFO][load32bppbitmapfrommemory] loading successful
[16/02/2024 16:25:59.843][INFO][load32bppbitmapfrommemory] loading successful
[16/02/2024 16:25:59.843][INFO][load32bppbitmapfrommemory] loading successful
[16/02/2024 16:25:59.843][INFO][load32bppbitmapfrommemory] loading successful
[16/02/2024 16:25:59.844][INFO][load32bppbitmapfrommemory] loading successful
[16/02/2024 16:25:59.844][INFO][load32bppbitmapfrommemory] loading successful
[16/02/2024 16:25:59.845][INFO][load32bppbitmapfrommemory] loading successful
[16/02/2024 17:43:28.926][INFO][loadregistryparams] loglevel is 4
[16/02/2024 17:43:28.926][INFO][loadregistryparams] failed to read sfxvolume reg value error code : 0x00000000!
[16/02/2024 17:43:28.927][INFO][loadregistryparams] sfxvolume is 0.5
[16/02/2024 17:43:28.927][INFO][loadregistryparams] failed to read musicvolume reg value error code : 0x00000000!
[16/02/2024 17:43:28.927][INFO][loadregistryparams] musicvolume is 0.3
[16/02/2024 17:43:28.954][INFO][load32bppbitmapfrommemory] loading successful
[16/02/2024 17:43:28.955][INFO][loadwavfrommemory] successfully loaded from memory .
[16/02/2024 17:43:28.959][INFO][load32bppbitmapfrommemory] loading successful
[16/02/2024 17:43:28.959][INFO][load32bppbitmapfrommemory] loading successful
[16/02/2024 17:43:28.960][INFO][load32bppbitmapfrommemory] loading successful
[16/02/2024 17:43:28.960][INFO][load32bppbitmapfrommemory] loading successful
[16/02/2024 17:43:28.961][INFO][load32bppbitmapfrommemory] loading successful
[16/02/2024 17:43:28.961][INFO][load32bppbitmapfrommemory] loading successful
[16/02/2024 17:43:28.962][INFO][load32bppbitmapfrommemory] loading successful
[16/02/2024 17:43:28.971][INFO][load32bppbitmapfrommemory] loading successful
[16/02/2024 17:43:28.973][INFO][load32bppbitmapfrommemory] loading successful
[16/02/2024 17:43:28.974][INFO][loadwavfrommemory] successfully loaded from memory .
[16/02/2024 17:43:28.974][INFO][loadwavfrommemory] successfully loaded from memory .
[16/02/2024 17:43:28.975][INFO][loadwavfrommemory] successfully loaded from memory .
[16/02/2024 17:43:29.028][INFO][loadtilemapfrommemory] tilemap dimensions: 300x32
[16/02/2024 17:43:29.029][INFO][loadtilemapfrommemory] tilemap dimensions: 90x32
[16/02/2024 17:43:29.029][INFO][load32bppbitmapfrommemory] loading successful
[16/02/2024 17:43:29.030][INFO][load32bppbitmapfrommemory] loading successful
[16/02/2024 17:43:29.030][INFO][load32bppbitmapfrommemory] loading successful
[16/02/2024 17:43:29.031][INFO][load32bppbitmapfrommemory] loading successful
[16/02/2024 17:43:29.031][INFO][load32bppbitmapfrommemory] loading successful
[16/02/2024 17:43:29.032][INFO][load32bppbitmapfrommemory] loading successful
[16/02/2024 17:43:29.032][INFO][load32bppbitmapfrommemory] loading successful
[16/02/2024 17:43:29.033][INFO][load32bppbitmapfrommemory] loading successful
[16/02/2024 17:43:29.033][INFO][load32bppbitmapfrommemory] loading successful
[16/02/2024 17:43:29.034][INFO][load32bppbitmapfrommemory] loading successful
[16/02/2024 17:43:29.034][INFO][load32bppbitmapfrommemory] loading successful
[16/02/2024 17:43:29.035][INFO][load32bppbitmapfrommemory] loading successful
[16/02/2024 17:43:29.035][INFO][load32bppbitmapfrommemory] loading successful
[16/02/2024 17:43:29.035][INFO][load32bppbitmapfrommemory] loading successful
[16/02/2024 17:43:29.035][INFO][load32bppbitmapfrommemory] loading successful
[16/02/2024 17:43:29.036][INFO][load32bppbitmapfrommemory] loading successful
[16/02/2024 17:43:29.036][INFO][load32bppbitmapfrommemory] loading successful
[16/02/2024 17:43:29.036][INFO][load32bppbitmapfrommemory] loading successful
[16/02/2024 17:43:29.037][INFO][load32bppbitmapfrommemory] loading successful
[16/02/2024 17:43:29.037][INFO][load32bppbitmapfrommemory] loading successful
[16/02/2024 17:43:29.038][INFO][load32bppbitmapfrommemory] loading successful
[16/02/2024 17:43:29.038][INFO][load32bppbitmapfrommemory] loading successful
[16/02/2024 17:43:29.038][INFO][load32bppbitmapfrommemory] loading successful
[16/02/2024 17:43:29.039][INFO][load32bppbitmapfrommemory] loading successful
[16/02/2024 17:43:29.039][INFO][load32bppbitmapfrommemory] loading successful
[16/02/2024 17:43:29.040][INFO][load32bppbitmapfrommemory] loading successful
[16/02/2024 17:43:29.040][INFO][load32bppbitmapfrommemory] loading successful
[16/02/2024 17:43:29.040][INFO][load32bppbitmapfrommemory] loading successful
[03/03/2025 17:58:22.733][INFO][loadregistryparams] loglevel is 4
[03/03/2025 17:58:22.734][INFO][loadregistryparams] failed to read sfxvolume reg value error code : 0x00000000!
[03/03/2025 17:58:22.735][INFO][loadregistryparams] sfxvolume is 0.4
[03/03/2025 17:58:22.735][INFO][loadregistryparams] failed to read musicvolume reg value error code : 0x00000000!
[03/03/2025 17:58:22.735][INFO][loadregistryparams] musicvolume is 0.3
[03/03/2025 17:58:22.758][INFO][load32bppbitmapfrommemory] loading successful
[03/03/2025 17:58:22.760][INFO][loadwavfrommemory] successfully loaded from memory .
[03/03/2025 17:58:22.765][INFO][load32bppbitmapfrommemory] loading successful
[03/03/2025 17:58:22.766][INFO][load32bppbitmapfrommemory] loading successful
[03/03/2025 17:58:22.767][INFO][load32bppbitmapfrommemory] loading successful
[03/03/2025 17:58:22.767][INFO][load32bppbitmapfrommemory] loading successful
[03/03/2025 17:58:22.768][INFO][load32bppbitmapfrommemory] loading successful
[03/03/2025 17:58:22.768][INFO][load32bppbitmapfrommemory] loading successful
[03/03/2025 17:58:22.769][INFO][load32bppbitmapfrommemory] loading successful
[03/03/2025 17:58:22.779][INFO][load32bppbitmapfrommemory] loading successful
[03/03/2025 17:58:22.781][INFO][load32bppbitmapfrommemory] loading successful
[03/03/2025 17:58:22.788][INFO][loadwavfrommemory] successfully loaded from memory .
[03/03/2025 17:58:22.790][INFO][loadwavfrommemory] successfully loaded from memory .
[03/03/2025 17:58:22.792][INFO][loadwavfrommemory] successfully loaded from memory .
[03/03/2025 17:58:22.870][INFO][loadtilemapfrommemory] tilemap dimensions: 300x32
[03/03/2025 17:58:22.871][INFO][loadtilemapfrommemory] tilemap dimensions: 90x32
[03/03/2025 17:58:22.872][INFO][load32bppbitmapfrommemory] loading successful
[03/03/2025 17:58:22.872][INFO][load32bppbitmapfrommemory] loading successful
[03/03/2025 17:58:22.873][INFO][load32bppbitmapfrommemory] loading successful
[03/03/2025 17:58:22.873][INFO][load32bppbitmapfrommemory] loading successful
[03/03/2025 17:58:22.874][INFO][load32bppbitmapfrommemory] loading successful
[03/03/2025 17:58:22.874][INFO][load32bppbitmapfrommemory] loading successful
[03/03/2025 17:58:22.875][INFO][load32bppbitmapfrommemory] loading successful
[03/03/2025 17:58:22.875][INFO][load32bppbitmapfrommemory] loading successful
[03/03/2025 17:58:22.876][INFO][load32bppbitmapfrommemory] loading successful
[03/03/2025 17:58:22.877][INFO][load32bppbitmapfrommemory] loading successful
[03/03/2025 17:58:22.877][INFO][load32bppbitmapfrommemory] loading successful
[03/03/2025 17:58:22.878][INFO][load32bppbitmapfrommemory] loading successful
[03/03/2025 17:58:22.878][INFO][load32bppbitmapfrommemory] loading successful
[03/03/2025 17:58:22.879][INFO][load32bppbitmapfrommemory] loading successful
[03/03/2025 17:58:22.879][INFO][load32bppbitmapfrommemory] loading successful
[03/03/2025 17:58:22.880][INFO][load32bppbitmapfrommemory] loading successful
[03/03/2025 17:58:22.881][INFO][load32bppbitmapfrommemory] loading successful
[03/03/2025 17:58:22.881][INFO][load32bppbitmapfrommemory] loading successful
[03/03/2025 17:58:22.882][INFO][load32bppbitmapfrommemory] loading successful
[03/03/2025 17:58:22.882][INFO][load32bppbitmapfrommemory] loading successful
[03/03/2025 17:58:22.883][INFO][load32bppbitmapfrommemory] loading successful
[03/03/2025 17:58:22.883][INFO][load32bppbitmapfrommemory] loading successful
[03/03/2025 17:58:22.884][INFO][load32bppbitmapfrommemory] loading successful
[03/03/2025 17:58:22.884][INFO][load32bppbitmapfrommemory] loading successful
[03/03/2025 17:58:22.885][INFO][load32bppbitmapfrommemory] loading successful
[03/03/2025 17:58:22.885][INFO][load32bppbitmapfrommemory] loading successful
[03/03/2025 17:58:22.886][INFO][load32bppbitmapfrommemory] loading successful
[03/03/2025 17:58:22.886][INFO][load32bppbitmapfrommemory] loading successful
[03/03/2025 17:58:36.662][INFO][loadregistryparams] loglevel is 4
[03/03/2025 17:58:36.662][INFO][loadregistryparams] failed to read sfxvolume reg value error code : 0x00000000!
[03/03/2025 17:58:36.663][INFO][loadregistryparams] sfxvolume is 0.4
[03/03/2025 17:58:36.663][INFO][loadregistryparams] failed to read musicvolume reg value error code : 0x00000000!
[03/03/2025 17:58:36.663][INFO][loadregistryparams] musicvolume is 0.3
[03/03/2025 17:58:36.686][INFO][load32bppbitmapfrommemory] loading successful
[03/03/2025 17:58:36.687][INFO][loadwavfrommemory] successfully loaded from memory .
[03/03/2025 17:58:36.691][INFO][load32bppbitmapfrommemory] loading successful
[03/03/2025 17:58:36.692][INFO][load32bppbitmapfrommemory] loading successful
[03/03/2025 17:58:36.692][INFO][load32bppbitmapfrommemory] loading successful
[03/03/2025 17:58:36.693][INFO][load32bppbitmapfrommemory] loading successful
[03/03/2025 17:58:36.693][INFO][load32bppbitmapfrommemory] loading successful
[03/03/2025 17:58:36.694][INFO][load32bppbitmapfrommemory] loading successful
[03/03/2025 17:58:36.694][INFO][load32bppbitmapfrommemory] loading successful
[03/03/2025 17:58:36.705][INFO][load32bppbitmapfrommemory] loading successful
[03/03/2025 17:58:36.707][INFO][load32bppbitmapfrommemory] loading successful
[03/03/2025 17:58:36.708][INFO][loadwavfrommemory] successfully loaded from memory .
[03/03/2025 17:58:36.709][INFO][loadwavfrommemory] successfully loaded from memory .
[03/03/2025 17:58:36.710][INFO][loadwavfrommemory] successfully loaded from memory .
[03/03/2025 17:58:36.779][INFO][loadtilemapfrommemory] tilemap dimensions: 300x32
[03/03/2025 17:58:36.780][INFO][loadtilemapfrommemory] tilemap dimensions: 90x32
[03/03/2025 17:58:36.781][INFO][load32bppbitmapfrommemory] loading successful
[03/03/2025 17:58:36.781][INFO][load32bppbitmapfrommemory] loading successful
[03/03/2025 17:58:36.782][INFO][load32bppbitmapfrommemory] loading successful
[03/03/2025 17:58:36.782][INFO][load32bppbitmapfrommemory] loading successful
[03/03/2025 17:58:36.783][INFO][load32bppbitmapfrommemory] loading successful
[03/03/2025 17:58:36.783][INFO][load32bppbitmapfrommemory] loading successful
[03/03/2025 17:58:36.783][INFO][load32bppbitmapfrommemory] loading successful
[03/03/2025 17:58:36.784][INFO][load32bppbitmapfrommemory] loading successful
[03/03/2025 17:58:36.784][INFO][load32bppbitmapfrommemory] loading successful
[03/03/2025 17:58:36.785][INFO][load32bppbitmapfrommemory] loading successful
[03/03/2025 17:58:36.785][INFO][load32bppbitmapfrommemory] loading successful
[03/03/2025 17:58:36.786][INFO][load32bppbitmapfrommemory] loading successful
[03/03/2025 17:58:36.786][INFO][load32bppbitmapfrommemory] loading successful
[03/03/2025 17:58:36.786][INFO][load32bppbitmapfrommemory] loading successful
[03/03/2025 17:58:36.787][INFO][load32bppbitmapfrommemory] loading successful
[03/03/2025 17:58:36.787][INFO][load32bppbitmapfrommemory] loading successful
[03/03/2025 17:58:36.788][INFO][load32bppbitmapfrommemory] loading successful
[03/03/2025 17:58:36.788][INFO][load32bppbitmapfrommemory] loading successful
[03/03/2025 17:58:36.789][INFO][load32bppbitmapfrommemory] loading successful
[03/03/2025 17:58:36.789][INFO][load32bppbitmapfrommemory] loading successful
[03/03/2025 17:58:36.790][INFO][load32bppbitmapfrommemory] loading successful
[03/03/2025 17:58:36.790][INFO][load32bppbitmapfrommemory] loading successful
[03/03/2025 17:58:36.790][INFO][load32bppbitmapfrommemory] loading successful
[03/03/2025 17:58:36.791][INFO][load32bppbitmapfrommemory] loading successful
[03/03/2025 17:58:36.791][INFO][load32bppbitmapfrommemory] loading successful
[03/03/2025 17:58:36.792][INFO][load32bppbitmapfrommemory] loading successful
[03/03/2025 17:58:36.792][INFO][load32bppbitmapfrommemory] loading successful
[03/03/2025 17:58:36.792][INFO][load32bppbitmapfrommemory] loading successful
[03/03/2025 17:58:48.212][INFO][saveregparams] reg key opened to save
[03/03/2025 17:58:48.213][INFO][saveregparams] sfx volume saved 10
[03/03/2025 17:58:48.213][INFO][saveregparams] music volume saved 40